{"C:\\Users\\bytyq\\OneDrive\\Desktop\\AutomatedCS\\AutomatedCustomerSupport\\automated-customer-support\\backend\\auth-service\\config\\db.js": {"path":"C:\\Users\\bytyq\\OneDrive\\Desktop\\AutomatedCS\\AutomatedCustomerSupport\\automated-customer-support\\backend\\auth-service\\config\\db.js","statementMap":{"0":{"start":{"line":1,"column":22},"end":{"line":1,"column":42}},"1":{"start":{"line":3,"column":18},"end":{"line":13,"column":1}},"2":{"start":{"line":15,"column":0},"end":{"line":15,"column":27}}},"fnMap":{},"branchMap":{"0":{"loc":{"start":{"line":9,"column":10},"end":{"line":9,"column":37}},"type":"binary-expr","locations":[{"start":{"line":9,"column":10},"end":{"line":9,"column":29}},{"start":{"line":9,"column":33},"end":{"line":9,"column":37}}],"line":9}},"s":{"0":1,"1":1,"2":1},"f":{},"b":{"0":[1,0]},"_coverageSchema":"1a1c01bbd47fc00a2c39e90264f33305004495a9","hash":"4aaa2b3f8002e828addd70947863531a04a93d67"}
,"C:\\Users\\bytyq\\OneDrive\\Desktop\\AutomatedCS\\AutomatedCustomerSupport\\automated-customer-support\\backend\\auth-service\\controllers\\authController.js": {"path":"C:\\Users\\bytyq\\OneDrive\\Desktop\\AutomatedCS\\AutomatedCustomerSupport\\automated-customer-support\\backend\\auth-service\\controllers\\authController.js","statementMap":{"0":{"start":{"line":1,"column":12},"end":{"line":1,"column":35}},"1":{"start":{"line":2,"column":15},"end":{"line":2,"column":32}},"2":{"start":{"line":3,"column":12},"end":{"line":3,"column":26}},"3":{"start":{"line":4,"column":23},"end":{"line":4,"column":38}},"4":{"start":{"line":5,"column":13},"end":{"line":5,"column":38}},"5":{"start":{"line":6,"column":58},"end":{"line":6,"column":90}},"6":{"start":{"line":8,"column":28},"end":{"line":8,"column":126}},"7":{"start":{"line":8,"column":38},"end":{"line":8,"column":126}},"8":{"start":{"line":9,"column":29},"end":{"line":9,"column":134}},"9":{"start":{"line":9,"column":39},"end":{"line":9,"column":134}},"10":{"start":{"line":11,"column":0},"end":{"line":43,"column":2}},"11":{"start":{"line":12,"column":17},"end":{"line":16,"column":4}},"12":{"start":{"line":18,"column":20},"end":{"line":18,"column":45}},"13":{"start":{"line":19,"column":2},"end":{"line":19,"column":80}},"14":{"start":{"line":19,"column":13},"end":{"line":19,"column":80}},"15":{"start":{"line":21,"column":2},"end":{"line":42,"column":3}},"16":{"start":{"line":22,"column":38},"end":{"line":22,"column":46}},"17":{"start":{"line":23,"column":25},"end":{"line":23,"column":65}},"18":{"start":{"line":24,"column":4},"end":{"line":24,"column":87}},"19":{"start":{"line":24,"column":22},"end":{"line":24,"column":87}},"20":{"start":{"line":26,"column":27},"end":{"line":26,"column":58}},"21":{"start":{"line":27,"column":30},"end":{"line":27,"column":38}},"22":{"start":{"line":29,"column":20},"end":{"line":35,"column":6}},"23":{"start":{"line":37,"column":4},"end":{"line":37,"column":58}},"24":{"start":{"line":39,"column":4},"end":{"line":39,"column":101}},"25":{"start":{"line":41,"column":4},"end":{"line":41,"column":75}},"26":{"start":{"line":45,"column":0},"end":{"line":60,"column":2}},"27":{"start":{"line":46,"column":20},"end":{"line":46,"column":30}},"28":{"start":{"line":48,"column":2},"end":{"line":59,"column":3}},"29":{"start":{"line":49,"column":17},"end":{"line":49,"column":76}},"30":{"start":{"line":50,"column":4},"end":{"line":50,"column":84}},"31":{"start":{"line":50,"column":15},"end":{"line":50,"column":84}},"32":{"start":{"line":52,"column":4},"end":{"line":52,"column":27}},"33":{"start":{"line":53,"column":4},"end":{"line":53,"column":34}},"34":{"start":{"line":54,"column":4},"end":{"line":54,"column":22}},"35":{"start":{"line":56,"column":4},"end":{"line":56,"column":69}},"36":{"start":{"line":58,"column":4},"end":{"line":58,"column":81}},"37":{"start":{"line":62,"column":0},"end":{"line":93,"column":2}},"38":{"start":{"line":63,"column":17},"end":{"line":66,"column":4}},"39":{"start":{"line":68,"column":20},"end":{"line":68,"column":45}},"40":{"start":{"line":69,"column":2},"end":{"line":69,"column":80}},"41":{"start":{"line":69,"column":13},"end":{"line":69,"column":80}},"42":{"start":{"line":71,"column":2},"end":{"line":92,"column":3}},"43":{"start":{"line":72,"column":32},"end":{"line":72,"column":40}},"44":{"start":{"line":73,"column":17},"end":{"line":73,"column":57}},"45":{"start":{"line":74,"column":4},"end":{"line":74,"column":119}},"46":{"start":{"line":74,"column":35},"end":{"line":74,"column":119}},"47":{"start":{"line":76,"column":18},"end":{"line":76,"column":63}},"48":{"start":{"line":77,"column":4},"end":{"line":77,"column":80}},"49":{"start":{"line":77,"column":16},"end":{"line":77,"column":80}},"50":{"start":{"line":79,"column":24},"end":{"line":79,"column":49}},"51":{"start":{"line":80,"column":25},"end":{"line":80,"column":51}},"52":{"start":{"line":82,"column":4},"end":{"line":87,"column":7}},"53":{"start":{"line":89,"column":4},"end":{"line":89,"column":108}},"54":{"start":{"line":91,"column":4},"end":{"line":91,"column":74}},"55":{"start":{"line":95,"column":0},"end":{"line":106,"column":2}},"56":{"start":{"line":96,"column":16},"end":{"line":96,"column":40}},"57":{"start":{"line":97,"column":2},"end":{"line":97,"column":75}},"58":{"start":{"line":97,"column":14},"end":{"line":97,"column":75}},"59":{"start":{"line":99,"column":2},"end":{"line":105,"column":3}},"60":{"start":{"line":100,"column":20},"end":{"line":100,"column":69}},"61":{"start":{"line":101,"column":27},"end":{"line":101,"column":55}},"62":{"start":{"line":102,"column":4},"end":{"line":102,"column":52}},"63":{"start":{"line":104,"column":4},"end":{"line":104,"column":63}},"64":{"start":{"line":108,"column":0},"end":{"line":129,"column":2}},"65":{"start":{"line":109,"column":20},"end":{"line":109,"column":28}},"66":{"start":{"line":110,"column":2},"end":{"line":110,"column":76}},"67":{"start":{"line":110,"column":14},"end":{"line":110,"column":76}},"68":{"start":{"line":112,"column":2},"end":{"line":128,"column":3}},"69":{"start":{"line":113,"column":17},"end":{"line":113,"column":57}},"70":{"start":{"line":114,"column":4},"end":{"line":114,"column":74}},"71":{"start":{"line":114,"column":15},"end":{"line":114,"column":74}},"72":{"start":{"line":116,"column":18},"end":{"line":116,"column":26}},"73":{"start":{"line":117,"column":19},"end":{"line":117,"column":46}},"74":{"start":{"line":119,"column":4},"end":{"line":119,"column":28}},"75":{"start":{"line":120,"column":4},"end":{"line":120,"column":45}},"76":{"start":{"line":121,"column":4},"end":{"line":121,"column":22}},"77":{"start":{"line":123,"column":4},"end":{"line":123,"column":47}},"78":{"start":{"line":125,"column":4},"end":{"line":125,"column":58}},"79":{"start":{"line":127,"column":4},"end":{"line":127,"column":68}},"80":{"start":{"line":131,"column":0},"end":{"line":155,"column":2}},"81":{"start":{"line":132,"column":20},"end":{"line":132,"column":30}},"82":{"start":{"line":133,"column":23},"end":{"line":133,"column":31}},"83":{"start":{"line":135,"column":2},"end":{"line":137,"column":3}},"84":{"start":{"line":136,"column":4},"end":{"line":136,"column":87}},"85":{"start":{"line":139,"column":2},"end":{"line":154,"column":3}},"86":{"start":{"line":140,"column":17},"end":{"line":140,"column":69}},"87":{"start":{"line":141,"column":4},"end":{"line":143,"column":5}},"88":{"start":{"line":142,"column":6},"end":{"line":142,"column":75}},"89":{"start":{"line":145,"column":19},"end":{"line":145,"column":50}},"90":{"start":{"line":146,"column":4},"end":{"line":146,"column":27}},"91":{"start":{"line":147,"column":4},"end":{"line":147,"column":27}},"92":{"start":{"line":148,"column":4},"end":{"line":148,"column":33}},"93":{"start":{"line":149,"column":4},"end":{"line":149,"column":22}},"94":{"start":{"line":151,"column":4},"end":{"line":151,"column":67}},"95":{"start":{"line":153,"column":4},"end":{"line":153,"column":54}}},"fnMap":{"0":{"name":"(anonymous_0)","decl":{"start":{"line":8,"column":28},"end":{"line":8,"column":29}},"loc":{"start":{"line":8,"column":38},"end":{"line":8,"column":126}},"line":8},"1":{"name":"(anonymous_1)","decl":{"start":{"line":9,"column":29},"end":{"line":9,"column":30}},"loc":{"start":{"line":9,"column":39},"end":{"line":9,"column":134}},"line":9},"2":{"name":"(anonymous_2)","decl":{"start":{"line":11,"column":17},"end":{"line":11,"column":18}},"loc":{"start":{"line":11,"column":37},"end":{"line":43,"column":1}},"line":11},"3":{"name":"(anonymous_3)","decl":{"start":{"line":45,"column":22},"end":{"line":45,"column":23}},"loc":{"start":{"line":45,"column":42},"end":{"line":60,"column":1}},"line":45},"4":{"name":"(anonymous_4)","decl":{"start":{"line":62,"column":16},"end":{"line":62,"column":17}},"loc":{"start":{"line":62,"column":36},"end":{"line":93,"column":1}},"line":62},"5":{"name":"(anonymous_5)","decl":{"start":{"line":95,"column":23},"end":{"line":95,"column":24}},"loc":{"start":{"line":95,"column":37},"end":{"line":106,"column":1}},"line":95},"6":{"name":"(anonymous_6)","decl":{"start":{"line":108,"column":25},"end":{"line":108,"column":26}},"loc":{"start":{"line":108,"column":45},"end":{"line":129,"column":1}},"line":108},"7":{"name":"(anonymous_7)","decl":{"start":{"line":131,"column":24},"end":{"line":131,"column":25}},"loc":{"start":{"line":131,"column":44},"end":{"line":155,"column":1}},"line":131}},"branchMap":{"0":{"loc":{"start":{"line":19,"column":2},"end":{"line":19,"column":80}},"type":"if","locations":[{"start":{"line":19,"column":2},"end":{"line":19,"column":80}},{"start":{},"end":{}}],"line":19},"1":{"loc":{"start":{"line":24,"column":4},"end":{"line":24,"column":87}},"type":"if","locations":[{"start":{"line":24,"column":4},"end":{"line":24,"column":87}},{"start":{},"end":{}}],"line":24},"2":{"loc":{"start":{"line":50,"column":4},"end":{"line":50,"column":84}},"type":"if","locations":[{"start":{"line":50,"column":4},"end":{"line":50,"column":84}},{"start":{},"end":{}}],"line":50},"3":{"loc":{"start":{"line":69,"column":2},"end":{"line":69,"column":80}},"type":"if","locations":[{"start":{"line":69,"column":2},"end":{"line":69,"column":80}},{"start":{},"end":{}}],"line":69},"4":{"loc":{"start":{"line":74,"column":4},"end":{"line":74,"column":119}},"type":"if","locations":[{"start":{"line":74,"column":4},"end":{"line":74,"column":119}},{"start":{},"end":{}}],"line":74},"5":{"loc":{"start":{"line":74,"column":8},"end":{"line":74,"column":33}},"type":"binary-expr","locations":[{"start":{"line":74,"column":8},"end":{"line":74,"column":13}},{"start":{"line":74,"column":17},"end":{"line":74,"column":33}}],"line":74},"6":{"loc":{"start":{"line":77,"column":4},"end":{"line":77,"column":80}},"type":"if","locations":[{"start":{"line":77,"column":4},"end":{"line":77,"column":80}},{"start":{},"end":{}}],"line":77},"7":{"loc":{"start":{"line":97,"column":2},"end":{"line":97,"column":75}},"type":"if","locations":[{"start":{"line":97,"column":2},"end":{"line":97,"column":75}},{"start":{},"end":{}}],"line":97},"8":{"loc":{"start":{"line":110,"column":2},"end":{"line":110,"column":76}},"type":"if","locations":[{"start":{"line":110,"column":2},"end":{"line":110,"column":76}},{"start":{},"end":{}}],"line":110},"9":{"loc":{"start":{"line":114,"column":4},"end":{"line":114,"column":74}},"type":"if","locations":[{"start":{"line":114,"column":4},"end":{"line":114,"column":74}},{"start":{},"end":{}}],"line":114},"10":{"loc":{"start":{"line":135,"column":2},"end":{"line":137,"column":3}},"type":"if","locations":[{"start":{"line":135,"column":2},"end":{"line":137,"column":3}},{"start":{},"end":{}}],"line":135},"11":{"loc":{"start":{"line":135,"column":6},"end":{"line":135,"column":38}},"type":"binary-expr","locations":[{"start":{"line":135,"column":6},"end":{"line":135,"column":15}},{"start":{"line":135,"column":19},"end":{"line":135,"column":38}}],"line":135},"12":{"loc":{"start":{"line":141,"column":4},"end":{"line":143,"column":5}},"type":"if","locations":[{"start":{"line":141,"column":4},"end":{"line":143,"column":5}},{"start":{},"end":{}}],"line":141},"13":{"loc":{"start":{"line":141,"column":8},"end":{"line":141,"column":51}},"type":"binary-expr","locations":[{"start":{"line":141,"column":8},"end":{"line":141,"column":13}},{"start":{"line":141,"column":17},"end":{"line":141,"column":51}}],"line":141}},"s":{"0":1,"1":1,"2":1,"3":1,"4":1,"5":1,"6":1,"7":1,"8":1,"9":0,"10":1,"11":3,"12":3,"13":3,"14":1,"15":2,"16":2,"17":2,"18":2,"19":1,"20":1,"21":1,"22":1,"23":1,"24":0,"25":1,"26":1,"27":0,"28":0,"29":0,"30":0,"31":0,"32":0,"33":0,"34":0,"35":0,"36":0,"37":1,"38":2,"39":2,"40":2,"41":0,"42":2,"43":2,"44":2,"45":2,"46":2,"47":0,"48":0,"49":0,"50":0,"51":0,"52":0,"53":0,"54":0,"55":1,"56":2,"57":2,"58":1,"59":1,"60":1,"61":1,"62":1,"63":0,"64":1,"65":0,"66":0,"67":0,"68":0,"69":0,"70":0,"71":0,"72":0,"73":0,"74":0,"75":0,"76":0,"77":0,"78":0,"79":0,"80":1,"81":0,"82":0,"83":0,"84":0,"85":0,"86":0,"87":0,"88":0,"89":0,"90":0,"91":0,"92":0,"93":0,"94":0,"95":0},"f":{"0":1,"1":0,"2":3,"3":0,"4":2,"5":2,"6":0,"7":0},"b":{"0":[1,2],"1":[1,1],"2":[0,0],"3":[0,2],"4":[2,0],"5":[2,1],"6":[0,0],"7":[1,1],"8":[0,0],"9":[0,0],"10":[0,0],"11":[0,0],"12":[0,0],"13":[0,0]},"_coverageSchema":"1a1c01bbd47fc00a2c39e90264f33305004495a9","hash":"efe45d89856c8bfd7f4f0d740d0fa3a01185133e"}
,"C:\\Users\\bytyq\\OneDrive\\Desktop\\AutomatedCS\\AutomatedCustomerSupport\\automated-customer-support\\backend\\auth-service\\models\\User.js": {"path":"C:\\Users\\bytyq\\OneDrive\\Desktop\\AutomatedCS\\AutomatedCustomerSupport\\automated-customer-support\\backend\\auth-service\\models\\User.js","statementMap":{"0":{"start":{"line":1,"column":22},"end":{"line":1,"column":42}},"1":{"start":{"line":2,"column":18},"end":{"line":2,"column":41}},"2":{"start":{"line":4,"column":13},"end":{"line":46,"column":2}},"3":{"start":{"line":48,"column":0},"end":{"line":48,"column":22}}},"fnMap":{},"branchMap":{},"s":{"0":1,"1":1,"2":1,"3":1},"f":{},"b":{},"_coverageSchema":"1a1c01bbd47fc00a2c39e90264f33305004495a9","hash":"407617a070366f3860045cfc7f2880cce879b7f9"}
,"C:\\Users\\bytyq\\OneDrive\\Desktop\\AutomatedCS\\AutomatedCustomerSupport\\automated-customer-support\\backend\\auth-service\\utils\\emailService.js": {"path":"C:\\Users\\bytyq\\OneDrive\\Desktop\\AutomatedCS\\AutomatedCustomerSupport\\automated-customer-support\\backend\\auth-service\\utils\\emailService.js","statementMap":{"0":{"start":{"line":1,"column":19},"end":{"line":1,"column":40}},"1":{"start":{"line":3,"column":20},"end":{"line":9,"column":2}},"2":{"start":{"line":11,"column":0},"end":{"line":20,"column":2}},"3":{"start":{"line":12,"column":27},"end":{"line":12,"column":81}},"4":{"start":{"line":13,"column":22},"end":{"line":18,"column":3}},"5":{"start":{"line":19,"column":2},"end":{"line":19,"column":42}},"6":{"start":{"line":22,"column":0},"end":{"line":31,"column":2}},"7":{"start":{"line":23,"column":20},"end":{"line":23,"column":67}},"8":{"start":{"line":24,"column":22},"end":{"line":29,"column":3}},"9":{"start":{"line":30,"column":2},"end":{"line":30,"column":42}}},"fnMap":{"0":{"name":"(anonymous_0)","decl":{"start":{"line":11,"column":32},"end":{"line":11,"column":33}},"loc":{"start":{"line":11,"column":53},"end":{"line":20,"column":1}},"line":11},"1":{"name":"(anonymous_1)","decl":{"start":{"line":22,"column":33},"end":{"line":22,"column":34}},"loc":{"start":{"line":22,"column":54},"end":{"line":31,"column":1}},"line":22}},"branchMap":{},"s":{"0":1,"1":1,"2":1,"3":1,"4":1,"5":1,"6":1,"7":0,"8":0,"9":0},"f":{"0":1,"1":0},"b":{},"_coverageSchema":"1a1c01bbd47fc00a2c39e90264f33305004495a9","hash":"08e4b2743819240a8c0422cdec97191304c48b12"}
}
