{"C:\\Users\\PULSE Electronics\\Desktop\\AutomatedCostumerSuport\\AutomatedCustomerSupport\\automated-customer-support\\backend\\auth-service\\config\\db.js": {"path":"C:\\Users\\PULSE Electronics\\Desktop\\AutomatedCostumerSuport\\AutomatedCustomerSupport\\automated-customer-support\\backend\\auth-service\\config\\db.js","statementMap":{"0":{"start":{"line":1,"column":22},"end":{"line":1,"column":42}},"1":{"start":{"line":3,"column":18},"end":{"line":13,"column":1}},"2":{"start":{"line":15,"column":0},"end":{"line":15,"column":27}}},"fnMap":{},"branchMap":{"0":{"loc":{"start":{"line":9,"column":10},"end":{"line":9,"column":37}},"type":"binary-expr","locations":[{"start":{"line":9,"column":10},"end":{"line":9,"column":29}},{"start":{"line":9,"column":33},"end":{"line":9,"column":37}}],"line":9}},"s":{"0":1,"1":1,"2":1},"f":{},"b":{"0":[1,0]},"_coverageSchema":"1a1c01bbd47fc00a2c39e90264f33305004495a9","hash":"5e31712af485579e5af0350a7e3a0d5847511244"}
,"C:\\Users\\PULSE Electronics\\Desktop\\AutomatedCostumerSuport\\AutomatedCustomerSupport\\automated-customer-support\\backend\\auth-service\\controllers\\authController.js": {"path":"C:\\Users\\PULSE Electronics\\Desktop\\AutomatedCostumerSuport\\AutomatedCustomerSupport\\automated-customer-support\\backend\\auth-service\\controllers\\authController.js","statementMap":{"0":{"start":{"line":1,"column":12},"end":{"line":1,"column":35}},"1":{"start":{"line":2,"column":15},"end":{"line":2,"column":32}},"2":{"start":{"line":3,"column":12},"end":{"line":3,"column":26}},"3":{"start":{"line":4,"column":13},"end":{"line":4,"column":38}},"4":{"start":{"line":7,"column":28},"end":{"line":13,"column":1}},"5":{"start":{"line":8,"column":2},"end":{"line":12,"column":4}},"6":{"start":{"line":16,"column":29},"end":{"line":22,"column":1}},"7":{"start":{"line":17,"column":2},"end":{"line":21,"column":4}},"8":{"start":{"line":25,"column":0},"end":{"line":71,"column":2}},"9":{"start":{"line":26,"column":17},"end":{"line":30,"column":4}},"10":{"start":{"line":32,"column":20},"end":{"line":32,"column":45}},"11":{"start":{"line":33,"column":2},"end":{"line":33,"column":80}},"12":{"start":{"line":33,"column":13},"end":{"line":33,"column":80}},"13":{"start":{"line":35,"column":2},"end":{"line":70,"column":3}},"14":{"start":{"line":36,"column":38},"end":{"line":36,"column":46}},"15":{"start":{"line":37,"column":25},"end":{"line":37,"column":65}},"16":{"start":{"line":38,"column":4},"end":{"line":39,"column":71}},"17":{"start":{"line":39,"column":6},"end":{"line":39,"column":71}},"18":{"start":{"line":41,"column":27},"end":{"line":41,"column":58}},"19":{"start":{"line":42,"column":20},"end":{"line":46,"column":6}},"20":{"start":{"line":48,"column":24},"end":{"line":48,"column":52}},"21":{"start":{"line":49,"column":25},"end":{"line":49,"column":54}},"22":{"start":{"line":51,"column":4},"end":{"line":56,"column":7}},"23":{"start":{"line":58,"column":4},"end":{"line":61,"column":7}},"24":{"start":{"line":64,"column":4},"end":{"line":68,"column":7}},"25":{"start":{"line":69,"column":4},"end":{"line":69,"column":75}},"26":{"start":{"line":74,"column":0},"end":{"line":113,"column":2}},"27":{"start":{"line":75,"column":17},"end":{"line":78,"column":4}},"28":{"start":{"line":80,"column":20},"end":{"line":80,"column":45}},"29":{"start":{"line":81,"column":2},"end":{"line":81,"column":80}},"30":{"start":{"line":81,"column":13},"end":{"line":81,"column":80}},"31":{"start":{"line":83,"column":2},"end":{"line":112,"column":3}},"32":{"start":{"line":84,"column":32},"end":{"line":84,"column":40}},"33":{"start":{"line":85,"column":17},"end":{"line":85,"column":57}},"34":{"start":{"line":86,"column":4},"end":{"line":86,"column":79}},"35":{"start":{"line":86,"column":15},"end":{"line":86,"column":79}},"36":{"start":{"line":88,"column":18},"end":{"line":88,"column":63}},"37":{"start":{"line":89,"column":4},"end":{"line":89,"column":80}},"38":{"start":{"line":89,"column":16},"end":{"line":89,"column":80}},"39":{"start":{"line":91,"column":24},"end":{"line":91,"column":49}},"40":{"start":{"line":92,"column":25},"end":{"line":92,"column":51}},"41":{"start":{"line":94,"column":4},"end":{"line":99,"column":7}},"42":{"start":{"line":101,"column":4},"end":{"line":104,"column":7}},"43":{"start":{"line":106,"column":4},"end":{"line":110,"column":7}},"44":{"start":{"line":111,"column":4},"end":{"line":111,"column":74}},"45":{"start":{"line":116,"column":0},"end":{"line":128,"column":2}},"46":{"start":{"line":117,"column":16},"end":{"line":117,"column":40}},"47":{"start":{"line":118,"column":2},"end":{"line":118,"column":75}},"48":{"start":{"line":118,"column":14},"end":{"line":118,"column":75}},"49":{"start":{"line":120,"column":2},"end":{"line":127,"column":3}},"50":{"start":{"line":121,"column":20},"end":{"line":121,"column":69}},"51":{"start":{"line":122,"column":27},"end":{"line":122,"column":55}},"52":{"start":{"line":123,"column":4},"end":{"line":123,"column":52}},"53":{"start":{"line":125,"column":4},"end":{"line":125,"column":49}},"54":{"start":{"line":126,"column":4},"end":{"line":126,"column":63}}},"fnMap":{"0":{"name":"(anonymous_0)","decl":{"start":{"line":7,"column":28},"end":{"line":7,"column":29}},"loc":{"start":{"line":7,"column":38},"end":{"line":13,"column":1}},"line":7},"1":{"name":"(anonymous_1)","decl":{"start":{"line":16,"column":29},"end":{"line":16,"column":30}},"loc":{"start":{"line":16,"column":39},"end":{"line":22,"column":1}},"line":16},"2":{"name":"(anonymous_2)","decl":{"start":{"line":25,"column":17},"end":{"line":25,"column":18}},"loc":{"start":{"line":25,"column":37},"end":{"line":71,"column":1}},"line":25},"3":{"name":"(anonymous_3)","decl":{"start":{"line":74,"column":16},"end":{"line":74,"column":17}},"loc":{"start":{"line":74,"column":36},"end":{"line":113,"column":1}},"line":74},"4":{"name":"(anonymous_4)","decl":{"start":{"line":116,"column":23},"end":{"line":116,"column":24}},"loc":{"start":{"line":116,"column":37},"end":{"line":128,"column":1}},"line":116}},"branchMap":{"0":{"loc":{"start":{"line":33,"column":2},"end":{"line":33,"column":80}},"type":"if","locations":[{"start":{"line":33,"column":2},"end":{"line":33,"column":80}},{"start":{},"end":{}}],"line":33},"1":{"loc":{"start":{"line":38,"column":4},"end":{"line":39,"column":71}},"type":"if","locations":[{"start":{"line":38,"column":4},"end":{"line":39,"column":71}},{"start":{},"end":{}}],"line":38},"2":{"loc":{"start":{"line":81,"column":2},"end":{"line":81,"column":80}},"type":"if","locations":[{"start":{"line":81,"column":2},"end":{"line":81,"column":80}},{"start":{},"end":{}}],"line":81},"3":{"loc":{"start":{"line":86,"column":4},"end":{"line":86,"column":79}},"type":"if","locations":[{"start":{"line":86,"column":4},"end":{"line":86,"column":79}},{"start":{},"end":{}}],"line":86},"4":{"loc":{"start":{"line":89,"column":4},"end":{"line":89,"column":80}},"type":"if","locations":[{"start":{"line":89,"column":4},"end":{"line":89,"column":80}},{"start":{},"end":{}}],"line":89},"5":{"loc":{"start":{"line":118,"column":2},"end":{"line":118,"column":75}},"type":"if","locations":[{"start":{"line":118,"column":2},"end":{"line":118,"column":75}},{"start":{},"end":{}}],"line":118}},"s":{"0":1,"1":1,"2":1,"3":1,"4":1,"5":3,"6":1,"7":2,"8":1,"9":3,"10":3,"11":3,"12":1,"13":2,"14":2,"15":2,"16":2,"17":1,"18":1,"19":1,"20":1,"21":1,"22":1,"23":1,"24":0,"25":0,"26":1,"27":2,"28":2,"29":2,"30":0,"31":2,"32":2,"33":2,"34":2,"35":1,"36":1,"37":1,"38":0,"39":1,"40":1,"41":1,"42":1,"43":0,"44":0,"45":1,"46":2,"47":2,"48":1,"49":1,"50":1,"51":1,"52":1,"53":0,"54":0},"f":{"0":3,"1":2,"2":3,"3":2,"4":2},"b":{"0":[1,2],"1":[1,1],"2":[0,2],"3":[1,1],"4":[0,1],"5":[1,1]},"_coverageSchema":"1a1c01bbd47fc00a2c39e90264f33305004495a9","hash":"7c623b7c23192a6e2b0dda6bc123bd970e743602"}
,"C:\\Users\\PULSE Electronics\\Desktop\\AutomatedCostumerSuport\\AutomatedCustomerSupport\\automated-customer-support\\backend\\auth-service\\models\\User.js": {"path":"C:\\Users\\PULSE Electronics\\Desktop\\AutomatedCostumerSuport\\AutomatedCustomerSupport\\automated-customer-support\\backend\\auth-service\\models\\User.js","statementMap":{"0":{"start":{"line":1,"column":22},"end":{"line":1,"column":42}},"1":{"start":{"line":2,"column":18},"end":{"line":2,"column":41}},"2":{"start":{"line":4,"column":13},"end":{"line":30,"column":2}},"3":{"start":{"line":32,"column":0},"end":{"line":32,"column":22}}},"fnMap":{},"branchMap":{},"s":{"0":1,"1":1,"2":1,"3":1},"f":{},"b":{},"_coverageSchema":"1a1c01bbd47fc00a2c39e90264f33305004495a9","hash":"f619fec752662b79037087777d1b206bf1bd6d1d"}
}
