TN:
SF:config\db.js
FNF:0
FNH:0
DA:1,1
DA:3,1
DA:15,1
LF:3
LH:3
BRDA:9,0,0,1
BRDA:9,0,1,0
BRF:2
BRH:1
end_of_record
TN:
SF:controllers\authController.js
FN:7,(anonymous_0)
FN:16,(anonymous_1)
FN:25,(anonymous_2)
FN:74,(anonymous_3)
FN:116,(anonymous_4)
FNF:5
FNH:5
FNDA:3,(anonymous_0)
FNDA:2,(anonymous_1)
FNDA:3,(anonymous_2)
FNDA:2,(anonymous_3)
FNDA:2,(anonymous_4)
DA:1,1
DA:2,1
DA:3,1
DA:4,1
DA:7,1
DA:8,3
DA:16,1
DA:17,2
DA:25,1
DA:26,3
DA:32,3
DA:33,3
DA:35,2
DA:36,2
DA:37,2
DA:38,2
DA:39,1
DA:41,1
DA:42,1
DA:48,1
DA:49,1
DA:51,1
DA:58,1
DA:64,0
DA:69,0
DA:74,1
DA:75,2
DA:80,2
DA:81,2
DA:83,2
DA:84,2
DA:85,2
DA:86,2
DA:88,1
DA:89,1
DA:91,1
DA:92,1
DA:94,1
DA:101,1
DA:106,0
DA:111,0
DA:116,1
DA:117,2
DA:118,2
DA:120,1
DA:121,1
DA:122,1
DA:123,1
DA:125,0
DA:126,0
LF:50
LH:44
BRDA:33,0,0,1
BRDA:33,0,1,2
BRDA:38,1,0,1
BRDA:38,1,1,1
BRDA:81,2,0,0
BRDA:81,2,1,2
BRDA:86,3,0,1
BRDA:86,3,1,1
BRDA:89,4,0,0
BRDA:89,4,1,1
BRDA:118,5,0,1
BRDA:118,5,1,1
BRF:12
BRH:10
end_of_record
TN:
SF:models\User.js
FNF:0
FNH:0
DA:1,1
DA:2,1
DA:4,1
DA:32,1
LF:4
LH:4
BRF:0
BRH:0
end_of_record
